[debug] [2024-09-27T10:37:09.995Z] ----------------------------------------------------------------------
[debug] [2024-09-27T10:37:09.999Z] Command:       C:\Program Files\nodejs\node.exe C:\Users\Durga\AppData\Roaming\npm\node_modules\firebase-tools\lib\bin\firebase.js init
[debug] [2024-09-27T10:37:09.999Z] CLI Version:   13.20.0
[debug] [2024-09-27T10:37:10.000Z] Platform:      win32
[debug] [2024-09-27T10:37:10.000Z] Node Version:  v20.15.1
[debug] [2024-09-27T10:37:10.000Z] Time:          Fri Sep 27 2024 03:37:10 GMT-0700 (Pacific Daylight Time)
[debug] [2024-09-27T10:37:10.000Z] ----------------------------------------------------------------------
[debug] 
[debug] [2024-09-27T10:37:10.011Z] > command requires scopes: ["email","openid","https://www.googleapis.com/auth/cloudplatformprojects.readonly","https://www.googleapis.com/auth/firebase","https://www.googleapis.com/auth/cloud-platform"]
[debug] [2024-09-27T10:37:10.011Z] > authorizing via signed-in user (vickypvm10@gmail.com)
[info] 
     ######## #### ########  ######## ########     ###     ######  ########
     ##        ##  ##     ## ##       ##     ##  ##   ##  ##       ##
     ######    ##  ########  ######   ########  #########  ######  ######
     ##        ##  ##    ##  ##       ##     ## ##     ##       ## ##
     ##       #### ##     ## ######## ########  ##     ##  ######  ########

You're about to initialize a Firebase project in this directory:

  C:\Users\Durga\OneDrive\Desktop\react-begginer\vky

[info] 
=== Project Setup
[info] 
[info] First, let's associate this project directory with a Firebase project.
[info] You can create multiple project aliases by running firebase use --add, 
[info] but for now we'll just set up a default project.
[info] 
[debug] [2024-09-27T10:39:38.173Z] >>> [apiv2][query] GET https://firebase.googleapis.com/v1beta1/projects pageSize=100
[debug] [2024-09-27T10:39:39.488Z] <<< [apiv2][status] GET https://firebase.googleapis.com/v1beta1/projects 200
[debug] [2024-09-27T10:39:39.488Z] <<< [apiv2][body] GET https://firebase.googleapis.com/v1beta1/projects [omitted]
[info] i  Using project portfolio-vignesh-vky (Portfolio-vignesh-vky) 
[info] 
=== Dataconnect Setup
[debug] [2024-09-27T10:39:58.443Z] >>> [apiv2][query] GET https://cloudbilling.googleapis.com/v1/projects/portfolio-vignesh-vky/billingInfo [none]
[debug] [2024-09-27T10:39:59.402Z] <<< [apiv2][status] GET https://cloudbilling.googleapis.com/v1/projects/portfolio-vignesh-vky/billingInfo 200
[debug] [2024-09-27T10:39:59.403Z] <<< [apiv2][body] GET https://cloudbilling.googleapis.com/v1/projects/portfolio-vignesh-vky/billingInfo {"name":"projects/portfolio-vignesh-vky/billingInfo","projectId":"portfolio-vignesh-vky","billingAccountName":"","billingEnabled":false}
[info] i  dataconnect: ensuring required API sqladmin.googleapis.com is enabled... 
[debug] [2024-09-27T10:39:59.407Z] >>> [apiv2][query] GET https://serviceusage.googleapis.com/v1/projects/portfolio-vignesh-vky/services/sqladmin.googleapis.com [none]
[debug] [2024-09-27T10:39:59.407Z] >>> [apiv2][(partial)header] GET https://serviceusage.googleapis.com/v1/projects/portfolio-vignesh-vky/services/sqladmin.googleapis.com x-goog-quota-user=projects/portfolio-vignesh-vky
[debug] [2024-09-27T10:40:01.568Z] <<< [apiv2][status] GET https://serviceusage.googleapis.com/v1/projects/portfolio-vignesh-vky/services/sqladmin.googleapis.com 200
[debug] [2024-09-27T10:40:01.568Z] <<< [apiv2][body] GET https://serviceusage.googleapis.com/v1/projects/portfolio-vignesh-vky/services/sqladmin.googleapis.com [omitted]
[warn] !  dataconnect: missing required API sqladmin.googleapis.com. Enabling now... 
[debug] [2024-09-27T10:40:01.570Z] >>> [apiv2][query] POST https://serviceusage.googleapis.com/v1/projects/portfolio-vignesh-vky/services/sqladmin.googleapis.com:enable [none]
[debug] [2024-09-27T10:40:01.570Z] >>> [apiv2][(partial)header] POST https://serviceusage.googleapis.com/v1/projects/portfolio-vignesh-vky/services/sqladmin.googleapis.com:enable x-goog-quota-user=projects/portfolio-vignesh-vky
[debug] [2024-09-27T10:40:02.280Z] <<< [apiv2][status] POST https://serviceusage.googleapis.com/v1/projects/portfolio-vignesh-vky/services/sqladmin.googleapis.com:enable 200
[debug] [2024-09-27T10:40:02.281Z] <<< [apiv2][body] POST https://serviceusage.googleapis.com/v1/projects/portfolio-vignesh-vky/services/sqladmin.googleapis.com:enable [omitted]
[debug] [2024-09-27T10:40:12.285Z] >>> [apiv2][query] GET https://serviceusage.googleapis.com/v1/projects/portfolio-vignesh-vky/services/sqladmin.googleapis.com [none]
[debug] [2024-09-27T10:40:12.286Z] >>> [apiv2][(partial)header] GET https://serviceusage.googleapis.com/v1/projects/portfolio-vignesh-vky/services/sqladmin.googleapis.com x-goog-quota-user=projects/portfolio-vignesh-vky
[debug] [2024-09-27T10:40:14.339Z] <<< [apiv2][status] GET https://serviceusage.googleapis.com/v1/projects/portfolio-vignesh-vky/services/sqladmin.googleapis.com 200
[debug] [2024-09-27T10:40:14.340Z] <<< [apiv2][body] GET https://serviceusage.googleapis.com/v1/projects/portfolio-vignesh-vky/services/sqladmin.googleapis.com [omitted]
[info] +  dataconnect: required API sqladmin.googleapis.com is enabled 
[info] i  Setting placeholder values in dataconnect.yaml. You can edit these before you deploy to specify different IDs or regions. 
[info] +  Wrote dataconnect\dataconnect.yaml 
[info] +  Wrote dataconnect\schema\schema.gql 
[info] +  Wrote dataconnect\connector\connector.yaml 
[info] +  Wrote dataconnect\connector\queries.gql 
[info] +  Wrote dataconnect\connector\mutations.gql 
[info] +  Detected WEB app in directory C:\Users\Durga\OneDrive\Desktop\react-begginer\vky 
[info] i  Wrote new config to C:\Users\Durga\OneDrive\Desktop\react-begginer\vky\dataconnect\connector/connector.yaml 
[info] i  dataconnect: downloading dataconnect-emulator-1.4.2.exe... {"metadata":{"emulator":{"name":"dataconnect"},"message":"downloading dataconnect-emulator-1.4.2.exe..."}}
[debug] [2024-09-27T10:41:10.942Z] >>> [apiv2][query] GET https://storage.googleapis.com/firemat-preview-drop/emulator/dataconnect-emulator-windows-v1.4.2 
[debug] [2024-09-27T10:41:11.876Z] <<< [apiv2][status] GET https://storage.googleapis.com/firemat-preview-drop/emulator/dataconnect-emulator-windows-v1.4.2 200
[debug] [2024-09-27T10:41:11.877Z] <<< [apiv2][body] GET https://storage.googleapis.com/firemat-preview-drop/emulator/dataconnect-emulator-windows-v1.4.2 [stream]
[info] I0927 03:45:40.291027   16100 codegen.go:82] [connector "default" javascriptSdk] Generating sources into "C:\\Users\\Durga\\OneDrive\\Desktop\\react-begginer\\vky\\generated\\javascript\\default"
I0927 03:45:40.293654   16100 generate.go:40] Generated all sources. Writing them to disk...
I0927 03:45:40.304176   16100 collector.go:107] connector "default" javascriptSdk wrote into "C:\\Users\\Durga\\OneDrive\\Desktop\\react-begginer\\vky\\generated\\javascript\\default"
Generated sources: esm\index.esm.js [176B] esm\package.json [17B] index.cjs.js [217B] package.json [624B] index.d.ts [264B] 
I0927 03:45:40.344172   16100 installsdk.go:79] Running command: C:\Program Files\nodejs\npm.cmd install file:generated\javascript\default

